<?xml version="1.0" encoding="UTF-8" ?>
<testsuite tests="20" failures="0" name="resources.CucumbRunnerTest" time="0.041" errors="0" skipped="16">
  <properties>
    <property name="java.runtime.name" value="Java(TM) SE Runtime Environment"/>
    <property name="sun.boot.library.path" value="C:\Program Files\Java\jdk1.8.0_111\jre\bin"/>
    <property name="java.vm.version" value="25.111-b14"/>
    <property name="java.vm.vendor" value="Oracle Corporation"/>
    <property name="maven.multiModuleProjectDirectory" value="C:\Users\amand\workspace\Condicoes-Climaticas-BDD"/>
    <property name="java.vendor.url" value="http://java.oracle.com/"/>
    <property name="path.separator" value=";"/>
    <property name="guice.disable.misplaced.annotation.check" value="true"/>
    <property name="java.vm.name" value="Java HotSpot(TM) 64-Bit Server VM"/>
    <property name="file.encoding.pkg" value="sun.io"/>
    <property name="user.script" value=""/>
    <property name="user.country" value="BR"/>
    <property name="sun.java.launcher" value="SUN_STANDARD"/>
    <property name="sun.os.patch.level" value=""/>
    <property name="java.vm.specification.name" value="Java Virtual Machine Specification"/>
    <property name="user.dir" value="C:\Users\amand\workspace\Condicoes-Climaticas-BDD"/>
    <property name="java.runtime.version" value="1.8.0_111-b14"/>
    <property name="java.awt.graphicsenv" value="sun.awt.Win32GraphicsEnvironment"/>
    <property name="java.endorsed.dirs" value="C:\Program Files\Java\jdk1.8.0_111\jre\lib\endorsed"/>
    <property name="os.arch" value="amd64"/>
    <property name="java.io.tmpdir" value="C:\Users\amand\AppData\Local\Temp\"/>
    <property name="line.separator" value="
"/>
    <property name="java.vm.specification.vendor" value="Oracle Corporation"/>
    <property name="user.variant" value=""/>
    <property name="os.name" value="Windows 10"/>
    <property name="classworlds.conf" value="C:\Users\amand\workspace\.metadata\.plugins\org.eclipse.m2e.launching\launches\m2conf7558757113673816068.tmp"/>
    <property name="sun.jnu.encoding" value="Cp1252"/>
    <property name="java.library.path" value="C:\Program Files\Java\jdk1.8.0_111\bin;C:\WINDOWS\Sun\Java\bin;C:\WINDOWS\system32;C:\WINDOWS;C:/Program Files/Java/jre1.8.0_111/bin/server;C:/Program Files/Java/jre1.8.0_111/bin;C:/Program Files/Java/jre1.8.0_111/lib/amd64;C:\Program Files\Docker\Docker\Resources\bin;C:\Program Files (x86)\Python36-32\Scripts\;C:\Program Files (x86)\Python36-32\;C:\ProgramData\Oracle\Java\javapath;C:\Program Files (x86)\Intel\iCLS Client\;C:\Program Files\Intel\iCLS Client\;C:\WINDOWS\system32;C:\WINDOWS;C:\WINDOWS\System32\Wbem;C:\WINDOWS\System32\WindowsPowerShell\v1.0\;C:\Program Files (x86)\Intel\Intel(R) Management Engine Components\DAL;C:\Program Files\Intel\Intel(R) Management Engine Components\DAL;C:\Program Files (x86)\Intel\Intel(R) Management Engine Components\IPT;C:\Program Files\Intel\Intel(R) Management Engine Components\IPT;C:\Program Files\Java\jdk1.8.0_111\bin;C:\Program Files\Apache\maven\bin;C:\WINDOWS\system32\config\systemprofile\.dnx\bin;C:\Program Files\Microsoft DNX\Dnvm\;C:\Program Files\Microsoft SQL Server\130\Tools\Binn\;C:\Program Files (x86)\Microsoft Emulator Manager\1.0\;C:\Program Files (x86)\Windows Kits\10\Windows Performance Toolkit\;C:\bin\opt\gradle\gradle-3.4\bin;C:\HashiCorp\Vagrant\bin;C:\Program Files\Git\cmd;C:\Program Files\Git\mingw64\bin;C:\Program Files\Git\usr\bin;C:\Program Files\nodejs\;C:\Program Files\MySQL\MySQL Utilities 1.6\;C:\Ruby23-x64\bin;C:\Users\amand\AppData\Local\Microsoft\WindowsApps;C:\Users\amand\AppData\Roaming\npm;C:\WINDOWS\System32;;."/>
    <property name="java.specification.name" value="Java Platform API Specification"/>
    <property name="java.class.version" value="52.0"/>
    <property name="sun.management.compiler" value="HotSpot 64-Bit Tiered Compilers"/>
    <property name="os.version" value="10.0"/>
    <property name="user.home" value="C:\Users\amand"/>
    <property name="user.timezone" value="America/Sao_Paulo"/>
    <property name="java.awt.printerjob" value="sun.awt.windows.WPrinterJob"/>
    <property name="java.specification.version" value="1.8"/>
    <property name="file.encoding" value="Cp1252"/>
    <property name="user.name" value="amand"/>
    <property name="java.class.path" value="/C:/Users/amand/eclipse/jee-neon/eclipse/../../../.p2/pool/plugins/org.eclipse.m2e.maven.runtime_1.7.0.20160603-1931/jars/plexus-classworlds-2.5.2.jar"/>
    <property name="java.vm.specification.version" value="1.8"/>
    <property name="sun.arch.data.model" value="64"/>
    <property name="java.home" value="C:\Program Files\Java\jdk1.8.0_111\jre"/>
    <property name="sun.java.command" value="org.codehaus.plexus.classworlds.launcher.Launcher -B clean install"/>
    <property name="java.specification.vendor" value="Oracle Corporation"/>
    <property name="user.language" value="pt"/>
    <property name="awt.toolkit" value="sun.awt.windows.WToolkit"/>
    <property name="java.vm.info" value="mixed mode"/>
    <property name="java.version" value="1.8.0_111"/>
    <property name="java.ext.dirs" value="C:\Program Files\Java\jdk1.8.0_111\jre\lib\ext;C:\WINDOWS\Sun\Java\lib\ext"/>
    <property name="sun.boot.class.path" value="C:\Program Files\Java\jdk1.8.0_111\jre\lib\resources.jar;C:\Program Files\Java\jdk1.8.0_111\jre\lib\rt.jar;C:\Program Files\Java\jdk1.8.0_111\jre\lib\sunrsasign.jar;C:\Program Files\Java\jdk1.8.0_111\jre\lib\jsse.jar;C:\Program Files\Java\jdk1.8.0_111\jre\lib\jce.jar;C:\Program Files\Java\jdk1.8.0_111\jre\lib\charsets.jar;C:\Program Files\Java\jdk1.8.0_111\jre\lib\jfr.jar;C:\Program Files\Java\jdk1.8.0_111\jre\classes"/>
    <property name="java.vendor" value="Oracle Corporation"/>
    <property name="maven.home" value="C:\Users\amand\workspace\Condicoes-Climaticas-BDD\EMBEDDED"/>
    <property name="file.separator" value="\"/>
    <property name="java.vendor.url.bug" value="http://bugreport.sun.com/bugreport/"/>
    <property name="sun.cpu.endian" value="little"/>
    <property name="sun.io.unicode.encoding" value="UnicodeLittle"/>
    <property name="sun.desktop" value="windows"/>
    <property name="sun.cpu.isalist" value="amd64"/>
  </properties>
  <testcase classname="Scenario: temperatura do ambiente � maior que 25 graus" name="Given existem 0 pessoas na sala" time="0.004">
    <skipped/>
  </testcase>
  <testcase classname="Scenario: temperatura do ambiente � maior que 25 graus" name="When a temperatura externa aumenta" time="0.004">
    <skipped/>
  </testcase>
  <testcase classname="Scenario: temperatura do ambiente � maior que 25 graus" name="Then o ar condicionado aumenta o frio" time="0.004">
    <skipped/>
  </testcase>
  <testcase classname="Scenario: temperatura do ambiente � maior que 25 graus" name="Scenario: temperatura do ambiente � maior que 25 graus" time="0.004">
    <skipped/>
  </testcase>
  <testcase classname="Scenario: temperatura do ambiente � maior que 25 graus" name="Scenario: temperatura do ambiente � maior que 25 graus" time="0.004"/>
  <testcase classname="Scenario: temperatura da ambiente � menor que 25 graus" name="Given existem 0 pessoas na sala" time="0">
    <skipped/>
  </testcase>
  <testcase classname="Scenario: temperatura da ambiente � menor que 25 graus" name="When 1 pessoa entra" time="0">
    <skipped/>
  </testcase>
  <testcase classname="Scenario: temperatura da ambiente � menor que 25 graus" name="Then o ar condicionado diminui o frio" time="0">
    <skipped/>
  </testcase>
  <testcase classname="Scenario: temperatura da ambiente � menor que 25 graus" name="Scenario: temperatura da ambiente � menor que 25 graus" time="0.001">
    <skipped/>
  </testcase>
  <testcase classname="Scenario: temperatura da ambiente � menor que 25 graus" name="Scenario: temperatura da ambiente � menor que 25 graus" time="0.001"/>
  <testcase classname="Scenario: saem 10 pessoas na sala" name="Given existem 0 pessoas na sala e a temperatura ambiente est� constante" time="0.001">
    <skipped/>
  </testcase>
  <testcase classname="Scenario: saem 10 pessoas na sala" name="When 5 pessoa saem" time="0.002">
    <skipped/>
  </testcase>
  <testcase classname="Scenario: saem 10 pessoas na sala" name="Then o ar condicionado diminui o frio" time="0.002">
    <skipped/>
  </testcase>
  <testcase classname="Scenario: saem 10 pessoas na sala" name="Scenario: saem 10 pessoas na sala" time="0.002">
    <skipped/>
  </testcase>
  <testcase classname="Scenario: saem 10 pessoas na sala" name="Scenario: saem 10 pessoas na sala" time="0.002"/>
  <testcase classname="Scenario: entram 10 pessoas da sala" name="Given existem 0 pessoas na sala e a temperatura ambiente est� constante" time="0.001">
    <skipped/>
  </testcase>
  <testcase classname="Scenario: entram 10 pessoas da sala" name="When 10 pessoa entram" time="0.001">
    <skipped/>
  </testcase>
  <testcase classname="Scenario: entram 10 pessoas da sala" name="Then o ar condicionado aumenta o frio" time="0.001">
    <skipped/>
  </testcase>
  <testcase classname="Scenario: entram 10 pessoas da sala" name="Scenario: entram 10 pessoas da sala" time="0.003">
    <skipped/>
  </testcase>
  <testcase classname="Scenario: entram 10 pessoas da sala" name="Scenario: entram 10 pessoas da sala" time="0.004"/>
</testsuite>